NGServer 0.9.1 started on all interfaces, port 2113.
com.martiansoftware.nailgun.builtins.NGAlias: 0/0
com.martiansoftware.nailgun.builtins.NGClasspath: 0/0
com.martiansoftware.nailgun.builtins.NGServerStats: 0/0
com.martiansoftware.nailgun.builtins.NGStop: 0/0
com.martiansoftware.nailgun.builtins.NGVersion: 0/0
core.Fsbt: 2/0
NGServer shut down.
NGServer 0.9.1 started on all interfaces, port 2113.
Error: Could not find or load main class 1234
Error: Could not find or load main class 1234
Error: Could not find or load main class 1234
NGServer 0.9.1 started on all interfaces, port 1234.
NGServer 0.9.1 started on all interfaces, port 1234.
java.net.BindException: Address already in use (Bind failed)
	at java.net.PlainSocketImpl.socketBind(Native Method)
	at java.net.AbstractPlainSocketImpl.bind(AbstractPlainSocketImpl.java:387)
	at java.net.ServerSocket.bind(ServerSocket.java:375)
	at java.net.ServerSocket.<init>(ServerSocket.java:237)
	at java.net.ServerSocket.<init>(ServerSocket.java:128)
	at com.martiansoftware.nailgun.NGServer.run(NGServer.java:411)
	at java.lang.Thread.run(Thread.java:748)
com.martiansoftware.nailgun.builtins.NGAlias: 0/0
com.martiansoftware.nailgun.builtins.NGClasspath: 0/0
com.martiansoftware.nailgun.builtins.NGServerStats: 0/0
com.martiansoftware.nailgun.builtins.NGStop: 0/0
com.martiansoftware.nailgun.builtins.NGVersion: 0/0
NGServer shut down.
NGServer 0.9.1 started on all interfaces, port 1234.
java.net.BindException: Address already in use (Bind failed)
	at java.net.PlainSocketImpl.socketBind(Native Method)
	at java.net.AbstractPlainSocketImpl.bind(AbstractPlainSocketImpl.java:387)
	at java.net.ServerSocket.bind(ServerSocket.java:375)
	at java.net.ServerSocket.<init>(ServerSocket.java:237)
	at java.net.ServerSocket.<init>(ServerSocket.java:128)
	at com.martiansoftware.nailgun.NGServer.run(NGServer.java:411)
	at java.lang.Thread.run(Thread.java:748)
com.martiansoftware.nailgun.builtins.NGAlias: 0/0
com.martiansoftware.nailgun.builtins.NGClasspath: 0/0
com.martiansoftware.nailgun.builtins.NGServerStats: 0/0
com.martiansoftware.nailgun.builtins.NGStop: 0/0
com.martiansoftware.nailgun.builtins.NGVersion: 0/0
NGServer shut down.
NGServer 0.9.1 started on all interfaces, port 1234.
java.net.BindException: Address already in use (Bind failed)
	at java.net.PlainSocketImpl.socketBind(Native Method)
	at java.net.AbstractPlainSocketImpl.bind(AbstractPlainSocketImpl.java:387)
	at java.net.ServerSocket.bind(ServerSocket.java:375)
	at java.net.ServerSocket.<init>(ServerSocket.java:237)
	at java.net.ServerSocket.<init>(ServerSocket.java:128)
	at com.martiansoftware.nailgun.NGServer.run(NGServer.java:411)
	at java.lang.Thread.run(Thread.java:748)
com.martiansoftware.nailgun.builtins.NGAlias: 0/0
com.martiansoftware.nailgun.builtins.NGClasspath: 0/0
com.martiansoftware.nailgun.builtins.NGServerStats: 0/0
com.martiansoftware.nailgun.builtins.NGStop: 0/0
com.martiansoftware.nailgun.builtins.NGVersion: 0/0
NGServer shut down.
NGServer 0.9.1 started on all interfaces, port 1234.
java.net.BindException: Address already in use (Bind failed)
	at java.net.PlainSocketImpl.socketBind(Native Method)
	at java.net.AbstractPlainSocketImpl.bind(AbstractPlainSocketImpl.java:387)
	at java.net.ServerSocket.bind(ServerSocket.java:375)
	at java.net.ServerSocket.<init>(ServerSocket.java:237)
	at java.net.ServerSocket.<init>(ServerSocket.java:128)
	at com.martiansoftware.nailgun.NGServer.run(NGServer.java:411)
	at java.lang.Thread.run(Thread.java:748)
com.martiansoftware.nailgun.builtins.NGAlias: 0/0
com.martiansoftware.nailgun.builtins.NGClasspath: 0/0
com.martiansoftware.nailgun.builtins.NGServerStats: 0/0
com.martiansoftware.nailgun.builtins.NGStop: 0/0
com.martiansoftware.nailgun.builtins.NGVersion: 0/0
NGServer shut down.
NGServer 0.9.1 started on all interfaces, port 1234.
java.net.BindException: Address already in use (Bind failed)
	at java.net.PlainSocketImpl.socketBind(Native Method)
	at java.net.AbstractPlainSocketImpl.bind(AbstractPlainSocketImpl.java:387)
	at java.net.ServerSocket.bind(ServerSocket.java:375)
	at java.net.ServerSocket.<init>(ServerSocket.java:237)
	at java.net.ServerSocket.<init>(ServerSocket.java:128)
	at com.martiansoftware.nailgun.NGServer.run(NGServer.java:411)
	at java.lang.Thread.run(Thread.java:748)
com.martiansoftware.nailgun.builtins.NGAlias: 0/0
com.martiansoftware.nailgun.builtins.NGClasspath: 0/0
com.martiansoftware.nailgun.builtins.NGServerStats: 0/0
com.martiansoftware.nailgun.builtins.NGStop: 0/0
com.martiansoftware.nailgun.builtins.NGVersion: 0/0
NGServer shut down.
NGServer 0.9.1 started on all interfaces, port 1234.
java.net.BindException: Address already in use (Bind failed)
	at java.net.PlainSocketImpl.socketBind(Native Method)
	at java.net.AbstractPlainSocketImpl.bind(AbstractPlainSocketImpl.java:387)
	at java.net.ServerSocket.bind(ServerSocket.java:375)
	at java.net.ServerSocket.<init>(ServerSocket.java:237)
	at java.net.ServerSocket.<init>(ServerSocket.java:128)
	at com.martiansoftware.nailgun.NGServer.run(NGServer.java:411)
	at java.lang.Thread.run(Thread.java:748)
com.martiansoftware.nailgun.builtins.NGAlias: 0/0
com.martiansoftware.nailgun.builtins.NGClasspath: 0/0
com.martiansoftware.nailgun.builtins.NGServerStats: 0/0
com.martiansoftware.nailgun.builtins.NGStop: 0/0
com.martiansoftware.nailgun.builtins.NGVersion: 0/0
NGServer shut down.
NGServer 0.9.1 started on all interfaces, port 1234.
java.net.BindException: Address already in use (Bind failed)
	at java.net.PlainSocketImpl.socketBind(Native Method)
	at java.net.AbstractPlainSocketImpl.bind(AbstractPlainSocketImpl.java:387)
	at java.net.ServerSocket.bind(ServerSocket.java:375)
	at java.net.ServerSocket.<init>(ServerSocket.java:237)
	at java.net.ServerSocket.<init>(ServerSocket.java:128)
	at com.martiansoftware.nailgun.NGServer.run(NGServer.java:411)
	at java.lang.Thread.run(Thread.java:748)
com.martiansoftware.nailgun.builtins.NGAlias: 0/0
com.martiansoftware.nailgun.builtins.NGClasspath: 0/0
com.martiansoftware.nailgun.builtins.NGServerStats: 0/0
com.martiansoftware.nailgun.builtins.NGStop: 0/0
com.martiansoftware.nailgun.builtins.NGVersion: 0/0
NGServer shut down.
NGServer 0.9.1 started on all interfaces, port 1234.
java.net.BindException: Address already in use (Bind failed)
	at java.net.PlainSocketImpl.socketBind(Native Method)
	at java.net.AbstractPlainSocketImpl.bind(AbstractPlainSocketImpl.java:387)
	at java.net.ServerSocket.bind(ServerSocket.java:375)
	at java.net.ServerSocket.<init>(ServerSocket.java:237)
	at java.net.ServerSocket.<init>(ServerSocket.java:128)
	at com.martiansoftware.nailgun.NGServer.run(NGServer.java:411)
	at java.lang.Thread.run(Thread.java:748)
com.martiansoftware.nailgun.builtins.NGAlias: 0/0
com.martiansoftware.nailgun.builtins.NGClasspath: 0/0
com.martiansoftware.nailgun.builtins.NGServerStats: 0/0
com.martiansoftware.nailgun.builtins.NGStop: 0/0
com.martiansoftware.nailgun.builtins.NGVersion: 0/0
NGServer shut down.
NGServer 0.9.1 started on all interfaces, port 1234.
java.net.BindException: Address already in use (Bind failed)
	at java.net.PlainSocketImpl.socketBind(Native Method)
	at java.net.AbstractPlainSocketImpl.bind(AbstractPlainSocketImpl.java:387)
	at java.net.ServerSocket.bind(ServerSocket.java:375)
	at java.net.ServerSocket.<init>(ServerSocket.java:237)
	at java.net.ServerSocket.<init>(ServerSocket.java:128)
	at com.martiansoftware.nailgun.NGServer.run(NGServer.java:411)
	at java.lang.Thread.run(Thread.java:748)
com.martiansoftware.nailgun.builtins.NGAlias: 0/0
com.martiansoftware.nailgun.builtins.NGClasspath: 0/0
com.martiansoftware.nailgun.builtins.NGServerStats: 0/0
com.martiansoftware.nailgun.builtins.NGStop: 0/0
com.martiansoftware.nailgun.builtins.NGVersion: 0/0
NGServer shut down.
NGServer 0.9.1 started on all interfaces, port 1234.
java.net.BindException: Address already in use (Bind failed)
	at java.net.PlainSocketImpl.socketBind(Native Method)
	at java.net.AbstractPlainSocketImpl.bind(AbstractPlainSocketImpl.java:387)
	at java.net.ServerSocket.bind(ServerSocket.java:375)
	at java.net.ServerSocket.<init>(ServerSocket.java:237)
	at java.net.ServerSocket.<init>(ServerSocket.java:128)
	at com.martiansoftware.nailgun.NGServer.run(NGServer.java:411)
	at java.lang.Thread.run(Thread.java:748)
com.martiansoftware.nailgun.builtins.NGAlias: 0/0
com.martiansoftware.nailgun.builtins.NGClasspath: 0/0
com.martiansoftware.nailgun.builtins.NGServerStats: 0/0
com.martiansoftware.nailgun.builtins.NGStop: 0/0
com.martiansoftware.nailgun.builtins.NGVersion: 0/0
NGServer shut down.
NGServer 0.9.1 started on all interfaces, port 1234.
java.net.BindException: Address already in use (Bind failed)
	at java.net.PlainSocketImpl.socketBind(Native Method)
	at java.net.AbstractPlainSocketImpl.bind(AbstractPlainSocketImpl.java:387)
	at java.net.ServerSocket.bind(ServerSocket.java:375)
	at java.net.ServerSocket.<init>(ServerSocket.java:237)
	at java.net.ServerSocket.<init>(ServerSocket.java:128)
	at com.martiansoftware.nailgun.NGServer.run(NGServer.java:411)
	at java.lang.Thread.run(Thread.java:748)
com.martiansoftware.nailgun.builtins.NGAlias: 0/0
com.martiansoftware.nailgun.builtins.NGClasspath: 0/0
com.martiansoftware.nailgun.builtins.NGServerStats: 0/0
com.martiansoftware.nailgun.builtins.NGStop: 0/0
com.martiansoftware.nailgun.builtins.NGVersion: 0/0
NGServer shut down.
NGServer 0.9.1 started on all interfaces, port 1234.
java.net.BindException: Address already in use (Bind failed)
	at java.net.PlainSocketImpl.socketBind(Native Method)
	at java.net.AbstractPlainSocketImpl.bind(AbstractPlainSocketImpl.java:387)
	at java.net.ServerSocket.bind(ServerSocket.java:375)
	at java.net.ServerSocket.<init>(ServerSocket.java:237)
	at java.net.ServerSocket.<init>(ServerSocket.java:128)
	at com.martiansoftware.nailgun.NGServer.run(NGServer.java:411)
	at java.lang.Thread.run(Thread.java:748)
com.martiansoftware.nailgun.builtins.NGAlias: 0/0
com.martiansoftware.nailgun.builtins.NGClasspath: 0/0
com.martiansoftware.nailgun.builtins.NGServerStats: 0/0
com.martiansoftware.nailgun.builtins.NGStop: 0/0
com.martiansoftware.nailgun.builtins.NGVersion: 0/0
NGServer shut down.
